<?xml version="1.0" encoding="UTF-8"?>
<testng-results ignored="0" total="2" passed="2" failed="0" skipped="0">
  <reporter-output>
  </reporter-output>
  <suite started-at="2021-08-07T17:46:31 COT" name="Surefire suite" finished-at="2021-08-07T17:46:32 COT" duration-ms="299">
    <groups>
    </groups>
    <test started-at="2021-08-07T17:46:31 COT" name="Surefire test" finished-at="2021-08-07T17:46:32 COT" duration-ms="299">
      <class name="test.SustiTest">
        <test-method signature="test02()[pri:0, instance:test.SustiTest@360bc645]" started-at="2021-08-07T17:46:32 COT" name="test02" finished-at="2021-08-07T17:46:32 COT" duration-ms="163" status="PASS">
          <reporter-output>
          </reporter-output>
        </test-method> <!-- test02 -->
        <test-method signature="test1()[pri:0, instance:test.SustiTest@360bc645]" started-at="2021-08-07T17:46:32 COT" name="test1" finished-at="2021-08-07T17:46:32 COT" duration-ms="14" status="PASS">
          <reporter-output>
          </reporter-output>
        </test-method> <!-- test1 -->
      </class> <!-- test.SustiTest -->
    </test> <!-- Surefire test -->
  </suite> <!-- Surefire suite -->
</testng-results>
